mode: count
awesomeProject/usecases/student/create.go:7.81,13.2 3 2
awesomeProject/usecases/student/delete.go:9.53,11.16 2 4
awesomeProject/usecases/student/delete.go:11.16,13.3 1 1
awesomeProject/usecases/student/delete.go:15.2,15.41 1 3
awesomeProject/usecases/student/delete.go:15.41,17.3 1 1
awesomeProject/usecases/student/delete.go:19.2,19.48 1 2
awesomeProject/usecases/student/list.go:7.61,9.2 1 2
awesomeProject/usecases/student/search.go:8.77,10.2 1 2
awesomeProject/usecases/student/update.go:10.95,12.16 2 4
awesomeProject/usecases/student/update.go:12.16,14.3 1 1
awesomeProject/usecases/student/update.go:16.2,16.41 1 3
awesomeProject/usecases/student/update.go:16.41,18.3 1 1
awesomeProject/usecases/student/update.go:20.2,25.21 4 2
awesomeProject/usecases/student/usecase.go:9.63,13.2 1 14
awesomeProject/usecases/user/create.go:5.73,11.2 3 2
awesomeProject/usecases/user/delete.go:9.59,11.16 2 4
awesomeProject/usecases/user/delete.go:11.16,12.34 1 2
awesomeProject/usecases/user/delete.go:12.34,14.4 1 0
awesomeProject/usecases/user/delete.go:15.3,15.13 1 2
awesomeProject/usecases/user/delete.go:18.2,18.50 1 2
awesomeProject/usecases/user/list.go:5.55,7.2 1 2
awesomeProject/usecases/user/search.go:8.78,10.2 1 2
awesomeProject/usecases/user/update.go:10.94,12.16 2 3
awesomeProject/usecases/user/update.go:12.16,13.34 1 1
awesomeProject/usecases/user/update.go:13.34,15.4 1 0
awesomeProject/usecases/user/update.go:16.3,16.19 1 1
awesomeProject/usecases/user/update.go:19.2,38.18 18 2
awesomeProject/usecases/user/usecase.go:11.57,15.2 1 13
